[20230802 14:53:45] DEBUG Log4j2SpyLogDelegator.debug(Log4j2SpyLogDelegator.java:372) - log4jdbc-logj2 properties initialization...
[20230802 14:53:45] DEBUG Log4j2SpyLogDelegator.debug(Log4j2SpyLogDelegator.java:372) - Using logger: null
[20230802 14:53:45] DEBUG Log4j2SpyLogDelegator.debug(Log4j2SpyLogDelegator.java:372) - x log4jdbc.debug.stack.prefix is not defined
[20230802 14:53:45] DEBUG Log4j2SpyLogDelegator.debug(Log4j2SpyLogDelegator.java:372) - x log4jdbc.sqltiming.warn.threshold is not defined
[20230802 14:53:45] DEBUG Log4j2SpyLogDelegator.debug(Log4j2SpyLogDelegator.java:372) - x log4jdbc.sqltiming.error.threshold is not defined
[20230802 14:53:45] DEBUG Log4j2SpyLogDelegator.debug(Log4j2SpyLogDelegator.java:372) - x log4jdbc.dump.booleanastruefalse is not defined (using default value false)
[20230802 14:53:45] DEBUG Log4j2SpyLogDelegator.debug(Log4j2SpyLogDelegator.java:372) - x log4jdbc.dump.sql.maxlinelength is not defined (using default of 90)
[20230802 14:53:45] DEBUG Log4j2SpyLogDelegator.debug(Log4j2SpyLogDelegator.java:372) - x log4jdbc.dump.fulldebugstacktrace is not defined (using default value false)
[20230802 14:53:45] DEBUG Log4j2SpyLogDelegator.debug(Log4j2SpyLogDelegator.java:372) - x log4jdbc.statement.warn is not defined (using default value false)
[20230802 14:53:45] DEBUG Log4j2SpyLogDelegator.debug(Log4j2SpyLogDelegator.java:372) - x log4jdbc.dump.sql.select is not defined (using default value true)
[20230802 14:53:45] DEBUG Log4j2SpyLogDelegator.debug(Log4j2SpyLogDelegator.java:372) - x log4jdbc.dump.sql.insert is not defined (using default value true)
[20230802 14:53:45] DEBUG Log4j2SpyLogDelegator.debug(Log4j2SpyLogDelegator.java:372) - x log4jdbc.dump.sql.update is not defined (using default value true)
[20230802 14:53:45] DEBUG Log4j2SpyLogDelegator.debug(Log4j2SpyLogDelegator.java:372) - x log4jdbc.dump.sql.delete is not defined (using default value true)
[20230802 14:53:45] DEBUG Log4j2SpyLogDelegator.debug(Log4j2SpyLogDelegator.java:372) - x log4jdbc.dump.sql.create is not defined (using default value true)
[20230802 14:53:45] DEBUG Log4j2SpyLogDelegator.debug(Log4j2SpyLogDelegator.java:372) - x log4jdbc.dump.sql.addsemicolon is not defined (using default value false)
[20230802 14:53:45] DEBUG Log4j2SpyLogDelegator.debug(Log4j2SpyLogDelegator.java:372) - x log4jdbc.auto.load.popular.drivers is not defined (using default value true)
[20230802 14:53:45] DEBUG Log4j2SpyLogDelegator.debug(Log4j2SpyLogDelegator.java:372) - x log4jdbc.drivers is not defined
[20230802 14:53:45] DEBUG Log4j2SpyLogDelegator.debug(Log4j2SpyLogDelegator.java:372) - x log4jdbc.trim.sql is not defined (using default value true)
[20230802 14:53:45] DEBUG Log4j2SpyLogDelegator.debug(Log4j2SpyLogDelegator.java:372) - x log4jdbc.trim.sql.extrablanklines is not defined (using default value true)
[20230802 14:53:45] DEBUG Log4j2SpyLogDelegator.debug(Log4j2SpyLogDelegator.java:372) - x log4jdbc.suppress.generated.keys.exception is not defined (using default value false)
[20230802 14:53:45] DEBUG Log4j2SpyLogDelegator.debug(Log4j2SpyLogDelegator.java:372) - log4jdbc-logj2 properties initialization done.
[20230802 14:53:45] DEBUG Log4j2SpyLogDelegator.debug(Log4j2SpyLogDelegator.java:372) - DriverSpy intialization...
[20230802 14:53:45] DEBUG Log4j2SpyLogDelegator.debug(Log4j2SpyLogDelegator.java:372) -   FOUND DRIVER oracle.jdbc.OracleDriver
[20230802 14:53:45] DEBUG Log4j2SpyLogDelegator.debug(Log4j2SpyLogDelegator.java:372) -   FOUND DRIVER oracle.jdbc.driver.OracleDriver
[20230802 14:53:45] DEBUG Log4j2SpyLogDelegator.debug(Log4j2SpyLogDelegator.java:372) - DriverSpy intialization done.
[20230802 14:58:39] DEBUG Log4j2SpyLogDelegator.debug(Log4j2SpyLogDelegator.java:372) - log4jdbc-logj2 properties initialization...
[20230802 14:58:39] DEBUG Log4j2SpyLogDelegator.debug(Log4j2SpyLogDelegator.java:372) - Using logger: null
[20230802 14:58:39] DEBUG Log4j2SpyLogDelegator.debug(Log4j2SpyLogDelegator.java:372) - x log4jdbc.debug.stack.prefix is not defined
[20230802 14:58:39] DEBUG Log4j2SpyLogDelegator.debug(Log4j2SpyLogDelegator.java:372) - x log4jdbc.sqltiming.warn.threshold is not defined
[20230802 14:58:39] DEBUG Log4j2SpyLogDelegator.debug(Log4j2SpyLogDelegator.java:372) - x log4jdbc.sqltiming.error.threshold is not defined
[20230802 14:58:39] DEBUG Log4j2SpyLogDelegator.debug(Log4j2SpyLogDelegator.java:372) - x log4jdbc.dump.booleanastruefalse is not defined (using default value false)
[20230802 14:58:39] DEBUG Log4j2SpyLogDelegator.debug(Log4j2SpyLogDelegator.java:372) - x log4jdbc.dump.sql.maxlinelength is not defined (using default of 90)
[20230802 14:58:39] DEBUG Log4j2SpyLogDelegator.debug(Log4j2SpyLogDelegator.java:372) - x log4jdbc.dump.fulldebugstacktrace is not defined (using default value false)
[20230802 14:58:39] DEBUG Log4j2SpyLogDelegator.debug(Log4j2SpyLogDelegator.java:372) - x log4jdbc.statement.warn is not defined (using default value false)
[20230802 14:58:39] DEBUG Log4j2SpyLogDelegator.debug(Log4j2SpyLogDelegator.java:372) - x log4jdbc.dump.sql.select is not defined (using default value true)
[20230802 14:58:39] DEBUG Log4j2SpyLogDelegator.debug(Log4j2SpyLogDelegator.java:372) - x log4jdbc.dump.sql.insert is not defined (using default value true)
[20230802 14:58:39] DEBUG Log4j2SpyLogDelegator.debug(Log4j2SpyLogDelegator.java:372) - x log4jdbc.dump.sql.update is not defined (using default value true)
[20230802 14:58:39] DEBUG Log4j2SpyLogDelegator.debug(Log4j2SpyLogDelegator.java:372) - x log4jdbc.dump.sql.delete is not defined (using default value true)
[20230802 14:58:39] DEBUG Log4j2SpyLogDelegator.debug(Log4j2SpyLogDelegator.java:372) - x log4jdbc.dump.sql.create is not defined (using default value true)
[20230802 14:58:39] DEBUG Log4j2SpyLogDelegator.debug(Log4j2SpyLogDelegator.java:372) - x log4jdbc.dump.sql.addsemicolon is not defined (using default value false)
[20230802 14:58:39] DEBUG Log4j2SpyLogDelegator.debug(Log4j2SpyLogDelegator.java:372) - x log4jdbc.auto.load.popular.drivers is not defined (using default value true)
[20230802 14:58:39] DEBUG Log4j2SpyLogDelegator.debug(Log4j2SpyLogDelegator.java:372) - x log4jdbc.drivers is not defined
[20230802 14:58:39] DEBUG Log4j2SpyLogDelegator.debug(Log4j2SpyLogDelegator.java:372) - x log4jdbc.trim.sql is not defined (using default value true)
[20230802 14:58:39] DEBUG Log4j2SpyLogDelegator.debug(Log4j2SpyLogDelegator.java:372) - x log4jdbc.trim.sql.extrablanklines is not defined (using default value true)
[20230802 14:58:39] DEBUG Log4j2SpyLogDelegator.debug(Log4j2SpyLogDelegator.java:372) - x log4jdbc.suppress.generated.keys.exception is not defined (using default value false)
[20230802 14:58:39] DEBUG Log4j2SpyLogDelegator.debug(Log4j2SpyLogDelegator.java:372) - log4jdbc-logj2 properties initialization done.
[20230802 14:58:39] DEBUG Log4j2SpyLogDelegator.debug(Log4j2SpyLogDelegator.java:372) - DriverSpy intialization...
[20230802 14:58:39] DEBUG Log4j2SpyLogDelegator.debug(Log4j2SpyLogDelegator.java:372) -   FOUND DRIVER oracle.jdbc.OracleDriver
[20230802 14:58:39] DEBUG Log4j2SpyLogDelegator.debug(Log4j2SpyLogDelegator.java:372) -   FOUND DRIVER oracle.jdbc.driver.OracleDriver
[20230802 14:58:39] DEBUG Log4j2SpyLogDelegator.debug(Log4j2SpyLogDelegator.java:372) - DriverSpy intialization done.
[20230802 15:00:01] DEBUG Log4j2SpyLogDelegator.debug(Log4j2SpyLogDelegator.java:372) - log4jdbc-logj2 properties initialization...
[20230802 15:00:01] DEBUG Log4j2SpyLogDelegator.debug(Log4j2SpyLogDelegator.java:372) - Using logger: null
[20230802 15:00:01] DEBUG Log4j2SpyLogDelegator.debug(Log4j2SpyLogDelegator.java:372) - x log4jdbc.debug.stack.prefix is not defined
[20230802 15:00:01] DEBUG Log4j2SpyLogDelegator.debug(Log4j2SpyLogDelegator.java:372) - x log4jdbc.sqltiming.warn.threshold is not defined
[20230802 15:00:01] DEBUG Log4j2SpyLogDelegator.debug(Log4j2SpyLogDelegator.java:372) - x log4jdbc.sqltiming.error.threshold is not defined
[20230802 15:00:01] DEBUG Log4j2SpyLogDelegator.debug(Log4j2SpyLogDelegator.java:372) - x log4jdbc.dump.booleanastruefalse is not defined (using default value false)
[20230802 15:00:01] DEBUG Log4j2SpyLogDelegator.debug(Log4j2SpyLogDelegator.java:372) - x log4jdbc.dump.sql.maxlinelength is not defined (using default of 90)
[20230802 15:00:01] DEBUG Log4j2SpyLogDelegator.debug(Log4j2SpyLogDelegator.java:372) - x log4jdbc.dump.fulldebugstacktrace is not defined (using default value false)
[20230802 15:00:01] DEBUG Log4j2SpyLogDelegator.debug(Log4j2SpyLogDelegator.java:372) - x log4jdbc.statement.warn is not defined (using default value false)
[20230802 15:00:01] DEBUG Log4j2SpyLogDelegator.debug(Log4j2SpyLogDelegator.java:372) - x log4jdbc.dump.sql.select is not defined (using default value true)
[20230802 15:00:01] DEBUG Log4j2SpyLogDelegator.debug(Log4j2SpyLogDelegator.java:372) - x log4jdbc.dump.sql.insert is not defined (using default value true)
[20230802 15:00:01] DEBUG Log4j2SpyLogDelegator.debug(Log4j2SpyLogDelegator.java:372) - x log4jdbc.dump.sql.update is not defined (using default value true)
[20230802 15:00:01] DEBUG Log4j2SpyLogDelegator.debug(Log4j2SpyLogDelegator.java:372) - x log4jdbc.dump.sql.delete is not defined (using default value true)
[20230802 15:00:01] DEBUG Log4j2SpyLogDelegator.debug(Log4j2SpyLogDelegator.java:372) - x log4jdbc.dump.sql.create is not defined (using default value true)
[20230802 15:00:01] DEBUG Log4j2SpyLogDelegator.debug(Log4j2SpyLogDelegator.java:372) - x log4jdbc.dump.sql.addsemicolon is not defined (using default value false)
[20230802 15:00:01] DEBUG Log4j2SpyLogDelegator.debug(Log4j2SpyLogDelegator.java:372) - x log4jdbc.auto.load.popular.drivers is not defined (using default value true)
[20230802 15:00:01] DEBUG Log4j2SpyLogDelegator.debug(Log4j2SpyLogDelegator.java:372) - x log4jdbc.drivers is not defined
[20230802 15:00:01] DEBUG Log4j2SpyLogDelegator.debug(Log4j2SpyLogDelegator.java:372) - x log4jdbc.trim.sql is not defined (using default value true)
[20230802 15:00:01] DEBUG Log4j2SpyLogDelegator.debug(Log4j2SpyLogDelegator.java:372) - x log4jdbc.trim.sql.extrablanklines is not defined (using default value true)
[20230802 15:00:01] DEBUG Log4j2SpyLogDelegator.debug(Log4j2SpyLogDelegator.java:372) - x log4jdbc.suppress.generated.keys.exception is not defined (using default value false)
[20230802 15:00:01] DEBUG Log4j2SpyLogDelegator.debug(Log4j2SpyLogDelegator.java:372) - log4jdbc-logj2 properties initialization done.
[20230802 15:00:01] DEBUG Log4j2SpyLogDelegator.debug(Log4j2SpyLogDelegator.java:372) - DriverSpy intialization...
[20230802 15:00:01] DEBUG Log4j2SpyLogDelegator.debug(Log4j2SpyLogDelegator.java:372) -   FOUND DRIVER oracle.jdbc.OracleDriver
[20230802 15:00:01] DEBUG Log4j2SpyLogDelegator.debug(Log4j2SpyLogDelegator.java:372) -   FOUND DRIVER oracle.jdbc.driver.OracleDriver
[20230802 15:00:01] DEBUG Log4j2SpyLogDelegator.debug(Log4j2SpyLogDelegator.java:372) - DriverSpy intialization done.
[20230802 15:09:15] DEBUG Log4j2SpyLogDelegator.debug(Log4j2SpyLogDelegator.java:372) - log4jdbc-logj2 properties initialization...
[20230802 15:09:15] DEBUG Log4j2SpyLogDelegator.debug(Log4j2SpyLogDelegator.java:372) - Using logger: null
[20230802 15:09:15] DEBUG Log4j2SpyLogDelegator.debug(Log4j2SpyLogDelegator.java:372) - x log4jdbc.debug.stack.prefix is not defined
[20230802 15:09:15] DEBUG Log4j2SpyLogDelegator.debug(Log4j2SpyLogDelegator.java:372) - x log4jdbc.sqltiming.warn.threshold is not defined
[20230802 15:09:15] DEBUG Log4j2SpyLogDelegator.debug(Log4j2SpyLogDelegator.java:372) - x log4jdbc.sqltiming.error.threshold is not defined
[20230802 15:09:15] DEBUG Log4j2SpyLogDelegator.debug(Log4j2SpyLogDelegator.java:372) - x log4jdbc.dump.booleanastruefalse is not defined (using default value false)
[20230802 15:09:15] DEBUG Log4j2SpyLogDelegator.debug(Log4j2SpyLogDelegator.java:372) - x log4jdbc.dump.sql.maxlinelength is not defined (using default of 90)
[20230802 15:09:15] DEBUG Log4j2SpyLogDelegator.debug(Log4j2SpyLogDelegator.java:372) - x log4jdbc.dump.fulldebugstacktrace is not defined (using default value false)
[20230802 15:09:15] DEBUG Log4j2SpyLogDelegator.debug(Log4j2SpyLogDelegator.java:372) - x log4jdbc.statement.warn is not defined (using default value false)
[20230802 15:09:15] DEBUG Log4j2SpyLogDelegator.debug(Log4j2SpyLogDelegator.java:372) - x log4jdbc.dump.sql.select is not defined (using default value true)
[20230802 15:09:15] DEBUG Log4j2SpyLogDelegator.debug(Log4j2SpyLogDelegator.java:372) - x log4jdbc.dump.sql.insert is not defined (using default value true)
[20230802 15:09:15] DEBUG Log4j2SpyLogDelegator.debug(Log4j2SpyLogDelegator.java:372) - x log4jdbc.dump.sql.update is not defined (using default value true)
[20230802 15:09:15] DEBUG Log4j2SpyLogDelegator.debug(Log4j2SpyLogDelegator.java:372) - x log4jdbc.dump.sql.delete is not defined (using default value true)
[20230802 15:09:15] DEBUG Log4j2SpyLogDelegator.debug(Log4j2SpyLogDelegator.java:372) - x log4jdbc.dump.sql.create is not defined (using default value true)
[20230802 15:09:15] DEBUG Log4j2SpyLogDelegator.debug(Log4j2SpyLogDelegator.java:372) - x log4jdbc.dump.sql.addsemicolon is not defined (using default value false)
[20230802 15:09:15] DEBUG Log4j2SpyLogDelegator.debug(Log4j2SpyLogDelegator.java:372) - x log4jdbc.auto.load.popular.drivers is not defined (using default value true)
[20230802 15:09:15] DEBUG Log4j2SpyLogDelegator.debug(Log4j2SpyLogDelegator.java:372) - x log4jdbc.drivers is not defined
[20230802 15:09:15] DEBUG Log4j2SpyLogDelegator.debug(Log4j2SpyLogDelegator.java:372) - x log4jdbc.trim.sql is not defined (using default value true)
[20230802 15:09:15] DEBUG Log4j2SpyLogDelegator.debug(Log4j2SpyLogDelegator.java:372) - x log4jdbc.trim.sql.extrablanklines is not defined (using default value true)
[20230802 15:09:15] DEBUG Log4j2SpyLogDelegator.debug(Log4j2SpyLogDelegator.java:372) - x log4jdbc.suppress.generated.keys.exception is not defined (using default value false)
[20230802 15:09:15] DEBUG Log4j2SpyLogDelegator.debug(Log4j2SpyLogDelegator.java:372) - log4jdbc-logj2 properties initialization done.
[20230802 15:09:15] DEBUG Log4j2SpyLogDelegator.debug(Log4j2SpyLogDelegator.java:372) - DriverSpy intialization...
[20230802 15:09:15] DEBUG Log4j2SpyLogDelegator.debug(Log4j2SpyLogDelegator.java:372) -   FOUND DRIVER oracle.jdbc.OracleDriver
[20230802 15:09:15] DEBUG Log4j2SpyLogDelegator.debug(Log4j2SpyLogDelegator.java:372) -   FOUND DRIVER oracle.jdbc.driver.OracleDriver
[20230802 15:09:15] DEBUG Log4j2SpyLogDelegator.debug(Log4j2SpyLogDelegator.java:372) - DriverSpy intialization done.
